<?xml version="1.0" encoding="UTF-8"?>
<!-- Generated by org.testng.reporters.JUnitReportReporter -->
<testsuite skipped="0" hostname="DESKTOP-PLGNAD0" name="QAclick.E2Etesting" tests="1" failures="0" timestamp="07 Apr 2020 16:02:37 GMT" time="40.485" errors="0">
  <testcase name="E2E" time="40.485" classname="QAclick.E2Etesting"/>
</testsuite> <!-- QAclick.E2Etesting -->
