<?xml version="1.0" encoding="UTF-8"?>
<!-- Generated by org.testng.reporters.JUnitReportReporter -->
<testsuite skipped="0" hostname="DESKTOP-PLGNAD0" name="QAclick.Homepage" tests="2" failures="0" timestamp="04 Apr 2020 14:22:27 GMT" time="26.388" errors="0">
  <testcase name="basePageNavigation" time="19.482" classname="QAclick.Homepage"/>
  <testcase name="basePageNavigation" time="6.906" classname="QAclick.Homepage"/>
</testsuite> <!-- QAclick.Homepage -->
