<?xml version="1.0" encoding="UTF-8"?>
<!-- Generated by org.testng.reporters.JUnitReportReporter -->
<testsuite hostname="DESKTOP-PLGNAD0" failures="0" tests="1" name="QAclick.ValidateTest" time="0.185" errors="0" timestamp="25 Mar 2020 11:09:51 GMT" skipped="0">
  <testcase classname="QAclick.ValidateTest" name="basePageNavigation" time="0.185"/>
</testsuite> <!-- QAclick.ValidateTest -->
